2026-02-17 14:16:28,574 [INFO] Found 1 PDF(s) to process in 'C:\Users\Admin\Desktop\1004\recentproject\Batch Review\pdfs':
2026-02-17 14:16:28,575 [INFO] - 46 W Washington Ln.pdf
2026-02-17 14:16:28,576 [INFO] Starting parallel processing with 4 workers...
2026-02-17 14:17:39,043 [INFO] [46 W Washington Ln.pdf] Subject: ✅ All required fields are present.
2026-02-17 14:17:39,086 [INFO] [46 W Washington Ln.pdf] Subject: ✅ Zip Code (19144) is valid.
2026-02-17 14:17:39,100 [INFO] [46 W Washington Ln.pdf] Subject: ⚠️ Assignment Type is Purchase Transaction. Please ensure the 'Contract' section is filled.
2026-02-17 14:17:39,118 [INFO] [46 W Washington Ln.pdf] Subject: ℹ️ Address Consistency: Verify that "46 W Washington Ln, Philadelphia, PA, 19144" matches the Sales Grid, Location Map, Aerial Map, and Subject Photos.
2026-02-17 14:17:39,130 [INFO] [46 W Washington Ln.pdf] Subject: ⚠️ PUD is 'Yes': Verify that 'HOA $' is a number > 0 and 'HOA(per year/per month)' is filled.
2026-02-17 14:17:39,138 [INFO] [46 W Washington Ln.pdf] Subject: ℹ️ PUD is 'Yes'. Ensure 'PUD Info' section is filled.
2026-02-17 14:17:39,153 [INFO] [46 W Washington Ln.pdf] Subject: ℹ️ FHA Case Number found. Applying FHA criteria checks...
2026-02-17 14:17:39,166 [INFO] [46 W Washington Ln.pdf] Subject: ⚠️ FHA Case Number format is invalid. Expected XXX-XXXXXXX, found "1900-142206".
2026-02-17 14:17:39,177 [INFO] [46 W Washington Ln.pdf] Subject: ✅ Subject property state detected: PA
2026-02-17 14:17:53,156 [INFO] [46 W Washington Ln.pdf] Custom Analysis: ✅ GLA Consistency Check Passed.
2026-02-17 14:18:07,468 [INFO] [46 W Washington Ln.pdf] Custom Analysis: ⚠️ Subject Address/Photo Check Failed: Issues found.
2026-02-17 14:18:21,612 [INFO] [46 W Washington Ln.pdf] Custom Analysis: ✅ Room Count Check Passed.
2026-02-17 14:18:36,062 [INFO] [46 W Washington Ln.pdf] Custom Analysis: ⚠️ Comparable Address/Photo Check Failed: Duplicates or mismatches found.
2026-02-17 14:18:53,248 [INFO] [46 W Washington Ln.pdf] Custom Analysis: ⚠️ Photo Label Check Failed.
2026-02-17 14:19:18,192 [INFO] Moved 46 W Washington Ln.pdf to C:\Users\Admin\Desktop\1004\recentproject\Batch Review\pdfs\processed
2026-02-17 14:19:25,158 [INFO] Email notification sent: Batch Processing Complete - 1/1 Success
2026-02-17 14:19:25,158 [INFO] All reviews complete.
